
2021-09-22 11:24:08.401 [main] INFO  o.s.c.annotation.AnnotationConfigApplicationContext - Refreshing org.springframework.context.annotation.AnnotationConfigApplicationContext@1190200a: startup date [Wed Sep 22 11:24:08 CST 2021]; root of context hierarchy
2021-09-22 11:24:08.644 [main] INFO  o.s.c.s.PostProcessorRegistrationDelegate$BeanPostProcessorChecker - Bean 'configurationPropertiesRebinderAutoConfiguration' of type [org.springframework.cloud.autoconfigure.ConfigurationPropertiesRebinderAutoConfiguration$$EnhancerBySpringCGLIB$$cf6365d4] is not eligible for getting processed by all BeanPostProcessors (for example: not eligible for auto-proxying)
2021-09-22 11:24:08.804 [main] INFO  c.a.otter.canal.adapter.launcher.CanalAdapterApplication - No active profile set, falling back to default profiles: default
2021-09-22 11:24:08.817 [main] INFO  o.s.b.w.s.c.AnnotationConfigServletWebServerApplicationContext - Refreshing org.springframework.boot.web.servlet.context.AnnotationConfigServletWebServerApplicationContext@68b32e3e: startup date [Wed Sep 22 11:24:08 CST 2021]; parent: org.springframework.context.annotation.AnnotationConfigApplicationContext@1190200a
2021-09-22 11:24:09.194 [main] INFO  org.springframework.cloud.context.scope.GenericScope - BeanFactory id=ba9c0aec-0105-3f1f-b89e-e85c68567039
2021-09-22 11:24:09.237 [main] INFO  o.s.c.s.PostProcessorRegistrationDelegate$BeanPostProcessorChecker - Bean 'org.springframework.cloud.autoconfigure.ConfigurationPropertiesRebinderAutoConfiguration' of type [org.springframework.cloud.autoconfigure.ConfigurationPropertiesRebinderAutoConfiguration$$EnhancerBySpringCGLIB$$cf6365d4] is not eligible for getting processed by all BeanPostProcessors (for example: not eligible for auto-proxying)
2021-09-22 11:24:09.484 [main] INFO  o.s.boot.web.embedded.tomcat.TomcatWebServer - Tomcat initialized with port(s): 8081 (http)
2021-09-22 11:24:09.497 [main] INFO  org.apache.coyote.http11.Http11NioProtocol - Initializing ProtocolHandler ["http-nio-8081"]
2021-09-22 11:24:09.505 [main] INFO  org.apache.catalina.core.StandardService - Starting service [Tomcat]
2021-09-22 11:24:09.505 [main] INFO  org.apache.catalina.core.StandardEngine - Starting Servlet Engine: Apache Tomcat/8.5.29
2021-09-22 11:24:09.514 [localhost-startStop-1] INFO  org.apache.catalina.core.AprLifecycleListener - The APR based Apache Tomcat Native library which allows optimal performance in production environments was not found on the java.library.path: [/usr/java/packages/lib/amd64:/usr/lib64:/lib64:/lib:/usr/lib]
2021-09-22 11:24:09.586 [localhost-startStop-1] INFO  o.a.catalina.core.ContainerBase.[Tomcat].[localhost].[/] - Initializing Spring embedded WebApplicationContext
2021-09-22 11:24:09.586 [localhost-startStop-1] INFO  org.springframework.web.context.ContextLoader - Root WebApplicationContext: initialization completed in 769 ms
2021-09-22 11:24:09.672 [localhost-startStop-1] INFO  o.s.boot.web.servlet.ServletRegistrationBean - Servlet dispatcherServlet mapped to [/]
2021-09-22 11:24:09.674 [localhost-startStop-1] INFO  o.s.boot.web.servlet.FilterRegistrationBean - Mapping filter: 'characterEncodingFilter' to: [/*]
2021-09-22 11:24:09.674 [localhost-startStop-1] INFO  o.s.boot.web.servlet.FilterRegistrationBean - Mapping filter: 'hiddenHttpMethodFilter' to: [/*]
2021-09-22 11:24:09.674 [localhost-startStop-1] INFO  o.s.boot.web.servlet.FilterRegistrationBean - Mapping filter: 'httpPutFormContentFilter' to: [/*]
2021-09-22 11:24:09.675 [localhost-startStop-1] INFO  o.s.boot.web.servlet.FilterRegistrationBean - Mapping filter: 'requestContextFilter' to: [/*]
2021-09-22 11:24:10.310 [main] INFO  com.alibaba.druid.pool.DruidDataSource - {dataSource-1} inited
2021-09-22 11:24:10.468 [main] INFO  o.s.web.servlet.handler.SimpleUrlHandlerMapping - Mapped URL path [/**/favicon.ico] onto handler of type [class org.springframework.web.servlet.resource.ResourceHttpRequestHandler]
2021-09-22 11:24:10.596 [main] INFO  o.s.w.s.m.method.annotation.RequestMappingHandlerAdapter - Looking for @ControllerAdvice: org.springframework.boot.web.servlet.context.AnnotationConfigServletWebServerApplicationContext@68b32e3e: startup date [Wed Sep 22 11:24:08 GMT+08:00 2021]; parent: org.springframework.context.annotation.AnnotationConfigApplicationContext@1190200a
2021-09-22 11:24:10.664 [main] INFO  o.s.w.s.m.method.annotation.RequestMappingHandlerMapping - Mapped "{[/count/{type}/{key}/{task}],methods=[GET]}" onto public java.util.Map<java.lang.String, java.lang.Object> com.alibaba.otter.canal.adapter.launcher.rest.CommonRest.count(java.lang.String,java.lang.String,java.lang.String)
2021-09-22 11:24:10.665 [main] INFO  o.s.w.s.m.method.annotation.RequestMappingHandlerMapping - Mapped "{[/count/{type}/{task}],methods=[GET]}" onto public java.util.Map<java.lang.String, java.lang.Object> com.alibaba.otter.canal.adapter.launcher.rest.CommonRest.count(java.lang.String,java.lang.String)
2021-09-22 11:24:10.665 [main] INFO  o.s.w.s.m.method.annotation.RequestMappingHandlerMapping - Mapped "{[/syncSwitch/{destination}/{status}],methods=[PUT]}" onto public com.alibaba.otter.canal.client.adapter.support.Result com.alibaba.otter.canal.adapter.launcher.rest.CommonRest.etl(java.lang.String,java.lang.String)
2021-09-22 11:24:10.665 [main] INFO  o.s.w.s.m.method.annotation.RequestMappingHandlerMapping - Mapped "{[/syncSwitch/{destination}],methods=[GET]}" onto public java.util.Map<java.lang.String, java.lang.String> com.alibaba.otter.canal.adapter.launcher.rest.CommonRest.etl(java.lang.String)
2021-09-22 11:24:10.665 [main] INFO  o.s.w.s.m.method.annotation.RequestMappingHandlerMapping - Mapped "{[/etl/{type}/{key}/{task}],methods=[POST]}" onto public com.alibaba.otter.canal.client.adapter.support.EtlResult com.alibaba.otter.canal.adapter.launcher.rest.CommonRest.etl(java.lang.String,java.lang.String,java.lang.String,java.lang.String)
2021-09-22 11:24:10.666 [main] INFO  o.s.w.s.m.method.annotation.RequestMappingHandlerMapping - Mapped "{[/etl/{type}/{task}],methods=[POST]}" onto public com.alibaba.otter.canal.client.adapter.support.EtlResult com.alibaba.otter.canal.adapter.launcher.rest.CommonRest.etl(java.lang.String,java.lang.String,java.lang.String)
2021-09-22 11:24:10.666 [main] INFO  o.s.w.s.m.method.annotation.RequestMappingHandlerMapping - Mapped "{[/destinations],methods=[GET]}" onto public java.util.List<java.util.Map<java.lang.String, java.lang.String>> com.alibaba.otter.canal.adapter.launcher.rest.CommonRest.destinations()
2021-09-22 11:24:10.668 [main] INFO  o.s.w.s.m.method.annotation.RequestMappingHandlerMapping - Mapped "{[/error]}" onto public org.springframework.http.ResponseEntity<java.util.Map<java.lang.String, java.lang.Object>> org.springframework.boot.autoconfigure.web.servlet.error.BasicErrorController.error(javax.servlet.http.HttpServletRequest)
2021-09-22 11:24:10.669 [main] INFO  o.s.w.s.m.method.annotation.RequestMappingHandlerMapping - Mapped "{[/error],produces=[text/html]}" onto public org.springframework.web.servlet.ModelAndView org.springframework.boot.autoconfigure.web.servlet.error.BasicErrorController.errorHtml(javax.servlet.http.HttpServletRequest,javax.servlet.http.HttpServletResponse)
2021-09-22 11:24:10.693 [main] INFO  o.s.web.servlet.handler.SimpleUrlHandlerMapping - Mapped URL path [/webjars/**] onto handler of type [class org.springframework.web.servlet.resource.ResourceHttpRequestHandler]
2021-09-22 11:24:10.693 [main] INFO  o.s.web.servlet.handler.SimpleUrlHandlerMapping - Mapped URL path [/**] onto handler of type [class org.springframework.web.servlet.resource.ResourceHttpRequestHandler]
2021-09-22 11:24:10.835 [main] INFO  o.s.jmx.export.annotation.AnnotationMBeanExporter - Registering beans for JMX exposure on startup
2021-09-22 11:24:10.842 [main] INFO  o.s.jmx.export.annotation.AnnotationMBeanExporter - Bean with name 'refreshScope' has been autodetected for JMX exposure
2021-09-22 11:24:10.843 [main] INFO  o.s.jmx.export.annotation.AnnotationMBeanExporter - Bean with name 'configurationPropertiesRebinder' has been autodetected for JMX exposure
2021-09-22 11:24:10.844 [main] INFO  o.s.jmx.export.annotation.AnnotationMBeanExporter - Bean with name 'environmentManager' has been autodetected for JMX exposure
2021-09-22 11:24:10.846 [main] INFO  o.s.jmx.export.annotation.AnnotationMBeanExporter - Located managed bean 'environmentManager': registering with JMX server as MBean [org.springframework.cloud.context.environment:name=environmentManager,type=EnvironmentManager]
2021-09-22 11:24:10.856 [main] INFO  o.s.jmx.export.annotation.AnnotationMBeanExporter - Located managed bean 'refreshScope': registering with JMX server as MBean [org.springframework.cloud.context.scope.refresh:name=refreshScope,type=RefreshScope]
2021-09-22 11:24:10.889 [main] INFO  o.s.jmx.export.annotation.AnnotationMBeanExporter - Located managed bean 'configurationPropertiesRebinder': registering with JMX server as MBean [org.springframework.cloud.context.properties:name=configurationPropertiesRebinder,context=68b32e3e,type=ConfigurationPropertiesRebinder]
2021-09-22 11:24:10.903 [main] INFO  c.a.o.canal.adapter.launcher.loader.CanalAdapterService - ## syncSwitch refreshed.
2021-09-22 11:24:10.904 [main] INFO  c.a.o.canal.adapter.launcher.loader.CanalAdapterService - ## start the canal client adapters.
2021-09-22 11:24:10.904 [main] INFO  c.a.otter.canal.client.adapter.support.ExtensionLoader - extension classpath dir: /usr/local/canal-adapter/plugin
2021-09-22 11:24:11.041 [main] INFO  c.a.o.canal.adapter.launcher.loader.CanalAdapterLoader - Load canal adapter: logger succeed
2021-09-22 11:24:11.172 [main] INFO  c.a.o.c.client.adapter.es.core.config.ESSyncConfigLoader - ## Start loading es mapping config ... 
2021-09-22 11:24:11.205 [main] INFO  c.a.o.c.client.adapter.es.core.config.ESSyncConfigLoader - ## ES mapping config loaded
2021-09-22 11:24:11.436 [main] INFO  c.a.o.canal.adapter.launcher.loader.CanalAdapterLoader - Load canal adapter: es7 succeed
2021-09-22 11:24:11.441 [main] INFO  c.alibaba.otter.canal.connector.core.spi.ExtensionLoader - extension classpath dir: /usr/local/canal-adapter/plugin
2021-09-22 11:24:11.461 [main] INFO  c.a.o.canal.adapter.launcher.loader.CanalAdapterLoader - Start adapter for canal-client mq topic: crmeb-g1 succeed
2021-09-22 11:24:11.461 [Thread-4] INFO  c.a.otter.canal.adapter.launcher.loader.AdapterProcessor - =============> Start to connect destination: crmeb <=============
2021-09-22 11:24:11.461 [main] INFO  c.a.o.canal.adapter.launcher.loader.CanalAdapterService - ## the canal client adapters are running now ......
2021-09-22 11:24:11.467 [main] INFO  org.apache.coyote.http11.Http11NioProtocol - Starting ProtocolHandler ["http-nio-8081"]
2021-09-22 11:24:11.469 [main] INFO  org.apache.tomcat.util.net.NioSelectorPool - Using a shared selector for servlet write/read
2021-09-22 11:24:11.480 [main] INFO  o.s.boot.web.embedded.tomcat.TomcatWebServer - Tomcat started on port(s): 8081 (http) with context path ''
2021-09-22 11:24:11.483 [main] INFO  c.a.otter.canal.adapter.launcher.CanalAdapterApplication - Started CanalAdapterApplication in 3.449 seconds (JVM running for 4.404)
2021-09-22 11:24:11.564 [Thread-4] INFO  c.a.otter.canal.adapter.launcher.loader.AdapterProcessor - =============> Subscribe destination: crmeb succeed <=============
2021-09-22 11:24:12.250 [pool-2-thread-1] INFO  c.a.o.canal.client.adapter.logger.LoggerAdapterExample - DML: {"data":[{"id":52573,"uid":445,"action":"TUAN_DETAIL","action_id":645,"note":"","add_time":1632274160000,"upd_time":1632274160722,"delete_time":null}],"database":"crmeb","destination":"crmeb","es":1632274160000,"groupId":"g1","isDdl":false,"old":null,"pkNames":["id"],"sql":"","table":"eb_user_access_log","ts":1632281052148,"type":"INSERT"}
2021-09-22 11:24:12.250 [pool-2-thread-1] INFO  c.a.o.canal.client.adapter.logger.LoggerAdapterExample - DML: {"data":[{"id":52574,"uid":445,"action":"STORE_DETAIL","action_id":220,"note":"","add_time":1632274160000,"upd_time":1632274160730,"delete_time":null}],"database":"crmeb","destination":"crmeb","es":1632274160000,"groupId":"g1","isDdl":false,"old":null,"pkNames":["id"],"sql":"","table":"eb_user_access_log","ts":1632281052176,"type":"INSERT"}
2021-09-22 11:24:12.251 [pool-2-thread-1] INFO  c.a.o.canal.client.adapter.logger.LoggerAdapterExample - DML: {"data":[{"id":52575,"uid":445,"action":"STORE_DETAIL","action_id":220,"note":"","add_time":1632274165000,"upd_time":1632274165949,"delete_time":null}],"database":"crmeb","destination":"crmeb","es":1632274165000,"groupId":"g1","isDdl":false,"old":null,"pkNames":["id"],"sql":"","table":"eb_user_access_log","ts":1632281052176,"type":"INSERT"}
2021-09-22 11:24:12.251 [pool-2-thread-1] INFO  c.a.o.canal.client.adapter.logger.LoggerAdapterExample - DML: {"data":[{"id":52576,"uid":445,"action":"STORE_DETAIL","action_id":220,"note":"","add_time":1632274171000,"upd_time":1632274171571,"delete_time":null}],"database":"crmeb","destination":"crmeb","es":1632274171000,"groupId":"g1","isDdl":false,"old":null,"pkNames":["id"],"sql":"","table":"eb_user_access_log","ts":1632281052177,"type":"INSERT"}
2021-09-22 11:24:12.251 [pool-2-thread-1] INFO  c.a.o.canal.client.adapter.logger.LoggerAdapterExample - DML: {"data":[{"id":52577,"uid":445,"action":"TUAN_DETAIL","action_id":645,"note":"","add_time":1632274214000,"upd_time":1632274214504,"delete_time":null}],"database":"crmeb","destination":"crmeb","es":1632274214000,"groupId":"g1","isDdl":false,"old":null,"pkNames":["id"],"sql":"","table":"eb_user_access_log","ts":1632281052177,"type":"INSERT"}
2021-09-22 11:24:12.251 [pool-2-thread-1] INFO  c.a.o.canal.client.adapter.logger.LoggerAdapterExample - DML: {"data":[{"id":52578,"uid":445,"action":"STORE_DETAIL","action_id":220,"note":"","add_time":1632274214000,"upd_time":1632274214509,"delete_time":null}],"database":"crmeb","destination":"crmeb","es":1632274214000,"groupId":"g1","isDdl":false,"old":null,"pkNames":["id"],"sql":"","table":"eb_user_access_log","ts":1632281052178,"type":"INSERT"}
2021-09-22 11:24:12.251 [pool-2-thread-1] INFO  c.a.o.canal.client.adapter.logger.LoggerAdapterExample - DML: {"data":[{"id":52579,"uid":445,"action":"STORE_DETAIL","action_id":220,"note":"","add_time":1632274216000,"upd_time":1632274216817,"delete_time":null}],"database":"crmeb","destination":"crmeb","es":1632274216000,"groupId":"g1","isDdl":false,"old":null,"pkNames":["id"],"sql":"","table":"eb_user_access_log","ts":1632281052178,"type":"INSERT"}
2021-09-22 11:24:12.251 [pool-2-thread-1] INFO  c.a.o.canal.client.adapter.logger.LoggerAdapterExample - DML: {"data":[{"id":52580,"uid":445,"action":"STORE_DETAIL","action_id":220,"note":"","add_time":1632274218000,"upd_time":1632274218927,"delete_time":null}],"database":"crmeb","destination":"crmeb","es":1632274218000,"groupId":"g1","isDdl":false,"old":null,"pkNames":["id"],"sql":"","table":"eb_user_access_log","ts":1632281052178,"type":"INSERT"}
2021-09-22 11:24:12.251 [pool-2-thread-1] INFO  c.a.o.canal.client.adapter.logger.LoggerAdapterExample - DML: {"data":[{"id":52581,"uid":445,"action":"STORE_DETAIL","action_id":220,"note":"","add_time":1632274221000,"upd_time":1632274221160,"delete_time":null}],"database":"crmeb","destination":"crmeb","es":1632274221000,"groupId":"g1","isDdl":false,"old":null,"pkNames":["id"],"sql":"","table":"eb_user_access_log","ts":1632281052179,"type":"INSERT"}
2021-09-22 11:24:12.252 [pool-2-thread-1] INFO  c.a.o.canal.client.adapter.logger.LoggerAdapterExample - DML: {"data":[{"id":52582,"uid":445,"action":"TUAN_DETAIL","action_id":645,"note":"","add_time":1632274283000,"upd_time":1632274283039,"delete_time":null}],"database":"crmeb","destination":"crmeb","es":1632274283000,"groupId":"g1","isDdl":false,"old":null,"pkNames":["id"],"sql":"","table":"eb_user_access_log","ts":1632281052179,"type":"INSERT"}
2021-09-22 11:24:12.252 [pool-2-thread-1] INFO  c.a.o.canal.client.adapter.logger.LoggerAdapterExample - DML: {"data":[{"id":52583,"uid":445,"action":"STORE_DETAIL","action_id":220,"note":"","add_time":1632274283000,"upd_time":1632274283045,"delete_time":null}],"database":"crmeb","destination":"crmeb","es":1632274283000,"groupId":"g1","isDdl":false,"old":null,"pkNames":["id"],"sql":"","table":"eb_user_access_log","ts":1632281052179,"type":"INSERT"}
2021-09-22 11:24:12.252 [pool-2-thread-1] INFO  c.a.o.canal.client.adapter.logger.LoggerAdapterExample - DML: {"data":[{"id":52584,"uid":414,"action":"STORE_DETAIL","action_id":220,"note":"","add_time":1632275162000,"upd_time":1632275162475,"delete_time":null}],"database":"crmeb","destination":"crmeb","es":1632275162000,"groupId":"g1","isDdl":false,"old":null,"pkNames":["id"],"sql":"","table":"eb_user_access_log","ts":1632281052180,"type":"INSERT"}
2021-09-22 11:24:12.252 [pool-2-thread-1] INFO  c.a.o.canal.client.adapter.logger.LoggerAdapterExample - DML: {"data":[{"id":52585,"uid":565,"action":"STORE_PRODUCT_DETAIL","action_id":684,"note":"","add_time":1632277531000,"upd_time":1632277531888,"delete_time":null}],"database":"crmeb","destination":"crmeb","es":1632277531000,"groupId":"g1","isDdl":false,"old":null,"pkNames":["id"],"sql":"","table":"eb_user_access_log","ts":1632281052180,"type":"INSERT"}
2021-09-22 11:24:12.252 [pool-2-thread-1] INFO  c.a.o.canal.client.adapter.logger.LoggerAdapterExample - DML: {"data":[{"id":52586,"uid":565,"action":"STORE_PRODUCT_DETAIL","action_id":584,"note":"","add_time":1632277628000,"upd_time":1632277628434,"delete_time":null}],"database":"crmeb","destination":"crmeb","es":1632277628000,"groupId":"g1","isDdl":false,"old":null,"pkNames":["id"],"sql":"","table":"eb_user_access_log","ts":1632281052181,"type":"INSERT"}
2021-09-22 11:24:12.253 [pool-2-thread-1] INFO  c.a.o.canal.client.adapter.logger.LoggerAdapterExample - DML: {"data":[{"id":52587,"uid":565,"action":"STORE_PRODUCT_DETAIL","action_id":584,"note":"","add_time":1632277631000,"upd_time":1632277631401,"delete_time":null}],"database":"crmeb","destination":"crmeb","es":1632277631000,"groupId":"g1","isDdl":false,"old":null,"pkNames":["id"],"sql":"","table":"eb_user_access_log","ts":1632281052181,"type":"INSERT"}
2021-09-22 11:24:12.253 [pool-2-thread-1] INFO  c.a.o.canal.client.adapter.logger.LoggerAdapterExample - DML: {"data":[{"id":52588,"uid":565,"action":"STORE_PRODUCT_DETAIL","action_id":582,"note":"","add_time":1632277647000,"upd_time":1632277647812,"delete_time":null}],"database":"crmeb","destination":"crmeb","es":1632277647000,"groupId":"g1","isDdl":false,"old":null,"pkNames":["id"],"sql":"","table":"eb_user_access_log","ts":1632281052181,"type":"INSERT"}
2021-09-22 11:24:12.253 [pool-2-thread-1] INFO  c.a.o.canal.client.adapter.logger.LoggerAdapterExample - DML: {"data":[{"id":52589,"uid":412,"action":"STORE_PRODUCT_DETAIL","action_id":555,"note":"","add_time":1632278091000,"upd_time":1632278091268,"delete_time":null}],"database":"crmeb","destination":"crmeb","es":1632278091000,"groupId":"g1","isDdl":false,"old":null,"pkNames":["id"],"sql":"","table":"eb_user_access_log","ts":1632281052182,"type":"INSERT"}
2021-09-22 11:24:12.253 [pool-2-thread-1] INFO  c.a.o.canal.client.adapter.logger.LoggerAdapterExample - DML: {"data":[{"id":52590,"uid":414,"action":"STORE_DETAIL","action_id":220,"note":"","add_time":1632278982000,"upd_time":1632278982662,"delete_time":null}],"database":"crmeb","destination":"crmeb","es":1632278982000,"groupId":"g1","isDdl":false,"old":null,"pkNames":["id"],"sql":"","table":"eb_user_access_log","ts":1632281052182,"type":"INSERT"}
2021-09-22 11:24:12.253 [pool-2-thread-1] INFO  c.a.o.canal.client.adapter.logger.LoggerAdapterExample - DML: {"data":[{"id":52591,"uid":414,"action":"TUAN_DETAIL","action_id":645,"note":"","add_time":1632279764000,"upd_time":1632279764537,"delete_time":null}],"database":"crmeb","destination":"crmeb","es":1632279764000,"groupId":"g1","isDdl":false,"old":null,"pkNames":["id"],"sql":"","table":"eb_user_access_log","ts":1632281052182,"type":"INSERT"}
2021-09-22 11:24:12.253 [pool-2-thread-1] INFO  c.a.o.canal.client.adapter.logger.LoggerAdapterExample - DML: {"data":[{"id":52592,"uid":414,"action":"STORE_DETAIL","action_id":220,"note":"","add_time":1632279764000,"upd_time":1632279764544,"delete_time":null}],"database":"crmeb","destination":"crmeb","es":1632279764000,"groupId":"g1","isDdl":false,"old":null,"pkNames":["id"],"sql":"","table":"eb_user_access_log","ts":1632281052183,"type":"INSERT"}
2021-09-22 11:24:12.253 [pool-2-thread-1] INFO  c.a.o.canal.client.adapter.logger.LoggerAdapterExample - DML: {"data":[{"id":52593,"uid":511,"action":"STORE_DETAIL","action_id":220,"note":"","add_time":1632280368000,"upd_time":1632280368048,"delete_time":null}],"database":"crmeb","destination":"crmeb","es":1632280368000,"groupId":"g1","isDdl":false,"old":null,"pkNames":["id"],"sql":"","table":"eb_user_access_log","ts":1632281052183,"type":"INSERT"}
2021-09-22 11:24:12.666 [pool-2-thread-1] DEBUG c.a.o.canal.client.adapter.es.core.service.ESSyncService - DML: {"data":[{"id":52573,"uid":445,"action":"TUAN_DETAIL","action_id":645,"note":"","add_time":1632274160000,"upd_time":1632274160722,"delete_time":null}],"database":"crmeb","destination":"crmeb","es":1632274160000,"groupId":"g1","isDdl":false,"old":null,"pkNames":["id"],"sql":"","table":"eb_user_access_log","ts":1632281052148,"type":"INSERT"} 
Affected indexes: user_access_log 
2021-09-22 11:24:12.666 [pool-2-thread-1] DEBUG c.a.o.canal.client.adapter.es.core.service.ESSyncService - DML: {"data":[{"id":52574,"uid":445,"action":"STORE_DETAIL","action_id":220,"note":"","add_time":1632274160000,"upd_time":1632274160730,"delete_time":null}],"database":"crmeb","destination":"crmeb","es":1632274160000,"groupId":"g1","isDdl":false,"old":null,"pkNames":["id"],"sql":"","table":"eb_user_access_log","ts":1632281052176,"type":"INSERT"} 
Affected indexes: user_access_log 
2021-09-22 11:24:12.667 [pool-2-thread-1] DEBUG c.a.o.canal.client.adapter.es.core.service.ESSyncService - DML: {"data":[{"id":52575,"uid":445,"action":"STORE_DETAIL","action_id":220,"note":"","add_time":1632274165000,"upd_time":1632274165949,"delete_time":null}],"database":"crmeb","destination":"crmeb","es":1632274165000,"groupId":"g1","isDdl":false,"old":null,"pkNames":["id"],"sql":"","table":"eb_user_access_log","ts":1632281052176,"type":"INSERT"} 
Affected indexes: user_access_log 
2021-09-22 11:24:12.667 [pool-2-thread-1] DEBUG c.a.o.canal.client.adapter.es.core.service.ESSyncService - DML: {"data":[{"id":52576,"uid":445,"action":"STORE_DETAIL","action_id":220,"note":"","add_time":1632274171000,"upd_time":1632274171571,"delete_time":null}],"database":"crmeb","destination":"crmeb","es":1632274171000,"groupId":"g1","isDdl":false,"old":null,"pkNames":["id"],"sql":"","table":"eb_user_access_log","ts":1632281052177,"type":"INSERT"} 
Affected indexes: user_access_log 
2021-09-22 11:24:12.667 [pool-2-thread-1] DEBUG c.a.o.canal.client.adapter.es.core.service.ESSyncService - DML: {"data":[{"id":52577,"uid":445,"action":"TUAN_DETAIL","action_id":645,"note":"","add_time":1632274214000,"upd_time":1632274214504,"delete_time":null}],"database":"crmeb","destination":"crmeb","es":1632274214000,"groupId":"g1","isDdl":false,"old":null,"pkNames":["id"],"sql":"","table":"eb_user_access_log","ts":1632281052177,"type":"INSERT"} 
Affected indexes: user_access_log 
2021-09-22 11:24:12.667 [pool-2-thread-1] DEBUG c.a.o.canal.client.adapter.es.core.service.ESSyncService - DML: {"data":[{"id":52578,"uid":445,"action":"STORE_DETAIL","action_id":220,"note":"","add_time":1632274214000,"upd_time":1632274214509,"delete_time":null}],"database":"crmeb","destination":"crmeb","es":1632274214000,"groupId":"g1","isDdl":false,"old":null,"pkNames":["id"],"sql":"","table":"eb_user_access_log","ts":1632281052178,"type":"INSERT"} 
Affected indexes: user_access_log 
2021-09-22 11:24:12.667 [pool-2-thread-1] DEBUG c.a.o.canal.client.adapter.es.core.service.ESSyncService - DML: {"data":[{"id":52579,"uid":445,"action":"STORE_DETAIL","action_id":220,"note":"","add_time":1632274216000,"upd_time":1632274216817,"delete_time":null}],"database":"crmeb","destination":"crmeb","es":1632274216000,"groupId":"g1","isDdl":false,"old":null,"pkNames":["id"],"sql":"","table":"eb_user_access_log","ts":1632281052178,"type":"INSERT"} 
Affected indexes: user_access_log 
2021-09-22 11:24:12.668 [pool-2-thread-1] DEBUG c.a.o.canal.client.adapter.es.core.service.ESSyncService - DML: {"data":[{"id":52580,"uid":445,"action":"STORE_DETAIL","action_id":220,"note":"","add_time":1632274218000,"upd_time":1632274218927,"delete_time":null}],"database":"crmeb","destination":"crmeb","es":1632274218000,"groupId":"g1","isDdl":false,"old":null,"pkNames":["id"],"sql":"","table":"eb_user_access_log","ts":1632281052178,"type":"INSERT"} 
Affected indexes: user_access_log 
2021-09-22 11:24:12.668 [pool-2-thread-1] DEBUG c.a.o.canal.client.adapter.es.core.service.ESSyncService - DML: {"data":[{"id":52581,"uid":445,"action":"STORE_DETAIL","action_id":220,"note":"","add_time":1632274221000,"upd_time":1632274221160,"delete_time":null}],"database":"crmeb","destination":"crmeb","es":1632274221000,"groupId":"g1","isDdl":false,"old":null,"pkNames":["id"],"sql":"","table":"eb_user_access_log","ts":1632281052179,"type":"INSERT"} 
Affected indexes: user_access_log 
2021-09-22 11:24:12.668 [pool-2-thread-1] DEBUG c.a.o.canal.client.adapter.es.core.service.ESSyncService - DML: {"data":[{"id":52582,"uid":445,"action":"TUAN_DETAIL","action_id":645,"note":"","add_time":1632274283000,"upd_time":1632274283039,"delete_time":null}],"database":"crmeb","destination":"crmeb","es":1632274283000,"groupId":"g1","isDdl":false,"old":null,"pkNames":["id"],"sql":"","table":"eb_user_access_log","ts":1632281052179,"type":"INSERT"} 
Affected indexes: user_access_log 
2021-09-22 11:24:12.668 [pool-2-thread-1] DEBUG c.a.o.canal.client.adapter.es.core.service.ESSyncService - DML: {"data":[{"id":52583,"uid":445,"action":"STORE_DETAIL","action_id":220,"note":"","add_time":1632274283000,"upd_time":1632274283045,"delete_time":null}],"database":"crmeb","destination":"crmeb","es":1632274283000,"groupId":"g1","isDdl":false,"old":null,"pkNames":["id"],"sql":"","table":"eb_user_access_log","ts":1632281052179,"type":"INSERT"} 
Affected indexes: user_access_log 
2021-09-22 11:24:12.669 [pool-2-thread-1] DEBUG c.a.o.canal.client.adapter.es.core.service.ESSyncService - DML: {"data":[{"id":52584,"uid":414,"action":"STORE_DETAIL","action_id":220,"note":"","add_time":1632275162000,"upd_time":1632275162475,"delete_time":null}],"database":"crmeb","destination":"crmeb","es":1632275162000,"groupId":"g1","isDdl":false,"old":null,"pkNames":["id"],"sql":"","table":"eb_user_access_log","ts":1632281052180,"type":"INSERT"} 
Affected indexes: user_access_log 
2021-09-22 11:24:12.669 [pool-2-thread-1] DEBUG c.a.o.canal.client.adapter.es.core.service.ESSyncService - DML: {"data":[{"id":52585,"uid":565,"action":"STORE_PRODUCT_DETAIL","action_id":684,"note":"","add_time":1632277531000,"upd_time":1632277531888,"delete_time":null}],"database":"crmeb","destination":"crmeb","es":1632277531000,"groupId":"g1","isDdl":false,"old":null,"pkNames":["id"],"sql":"","table":"eb_user_access_log","ts":1632281052180,"type":"INSERT"} 
Affected indexes: user_access_log 
2021-09-22 11:24:12.669 [pool-2-thread-1] DEBUG c.a.o.canal.client.adapter.es.core.service.ESSyncService - DML: {"data":[{"id":52586,"uid":565,"action":"STORE_PRODUCT_DETAIL","action_id":584,"note":"","add_time":1632277628000,"upd_time":1632277628434,"delete_time":null}],"database":"crmeb","destination":"crmeb","es":1632277628000,"groupId":"g1","isDdl":false,"old":null,"pkNames":["id"],"sql":"","table":"eb_user_access_log","ts":1632281052181,"type":"INSERT"} 
Affected indexes: user_access_log 
2021-09-22 11:24:12.669 [pool-2-thread-1] DEBUG c.a.o.canal.client.adapter.es.core.service.ESSyncService - DML: {"data":[{"id":52587,"uid":565,"action":"STORE_PRODUCT_DETAIL","action_id":584,"note":"","add_time":1632277631000,"upd_time":1632277631401,"delete_time":null}],"database":"crmeb","destination":"crmeb","es":1632277631000,"groupId":"g1","isDdl":false,"old":null,"pkNames":["id"],"sql":"","table":"eb_user_access_log","ts":1632281052181,"type":"INSERT"} 
Affected indexes: user_access_log 
2021-09-22 11:24:12.669 [pool-2-thread-1] DEBUG c.a.o.canal.client.adapter.es.core.service.ESSyncService - DML: {"data":[{"id":52588,"uid":565,"action":"STORE_PRODUCT_DETAIL","action_id":582,"note":"","add_time":1632277647000,"upd_time":1632277647812,"delete_time":null}],"database":"crmeb","destination":"crmeb","es":1632277647000,"groupId":"g1","isDdl":false,"old":null,"pkNames":["id"],"sql":"","table":"eb_user_access_log","ts":1632281052181,"type":"INSERT"} 
Affected indexes: user_access_log 
2021-09-22 11:24:12.670 [pool-2-thread-1] DEBUG c.a.o.canal.client.adapter.es.core.service.ESSyncService - DML: {"data":[{"id":52589,"uid":412,"action":"STORE_PRODUCT_DETAIL","action_id":555,"note":"","add_time":1632278091000,"upd_time":1632278091268,"delete_time":null}],"database":"crmeb","destination":"crmeb","es":1632278091000,"groupId":"g1","isDdl":false,"old":null,"pkNames":["id"],"sql":"","table":"eb_user_access_log","ts":1632281052182,"type":"INSERT"} 
Affected indexes: user_access_log 
2021-09-22 11:24:12.670 [pool-2-thread-1] DEBUG c.a.o.canal.client.adapter.es.core.service.ESSyncService - DML: {"data":[{"id":52590,"uid":414,"action":"STORE_DETAIL","action_id":220,"note":"","add_time":1632278982000,"upd_time":1632278982662,"delete_time":null}],"database":"crmeb","destination":"crmeb","es":1632278982000,"groupId":"g1","isDdl":false,"old":null,"pkNames":["id"],"sql":"","table":"eb_user_access_log","ts":1632281052182,"type":"INSERT"} 
Affected indexes: user_access_log 
2021-09-22 11:24:12.670 [pool-2-thread-1] DEBUG c.a.o.canal.client.adapter.es.core.service.ESSyncService - DML: {"data":[{"id":52591,"uid":414,"action":"TUAN_DETAIL","action_id":645,"note":"","add_time":1632279764000,"upd_time":1632279764537,"delete_time":null}],"database":"crmeb","destination":"crmeb","es":1632279764000,"groupId":"g1","isDdl":false,"old":null,"pkNames":["id"],"sql":"","table":"eb_user_access_log","ts":1632281052182,"type":"INSERT"} 
Affected indexes: user_access_log 
2021-09-22 11:24:12.670 [pool-2-thread-1] DEBUG c.a.o.canal.client.adapter.es.core.service.ESSyncService - DML: {"data":[{"id":52592,"uid":414,"action":"STORE_DETAIL","action_id":220,"note":"","add_time":1632279764000,"upd_time":1632279764544,"delete_time":null}],"database":"crmeb","destination":"crmeb","es":1632279764000,"groupId":"g1","isDdl":false,"old":null,"pkNames":["id"],"sql":"","table":"eb_user_access_log","ts":1632281052183,"type":"INSERT"} 
Affected indexes: user_access_log 
2021-09-22 11:24:12.671 [pool-2-thread-1] DEBUG c.a.o.canal.client.adapter.es.core.service.ESSyncService - DML: {"data":[{"id":52593,"uid":511,"action":"STORE_DETAIL","action_id":220,"note":"","add_time":1632280368000,"upd_time":1632280368048,"delete_time":null}],"database":"crmeb","destination":"crmeb","es":1632280368000,"groupId":"g1","isDdl":false,"old":null,"pkNames":["id"],"sql":"","table":"eb_user_access_log","ts":1632281052183,"type":"INSERT"} 
Affected indexes: user_access_log 
